#! /c/Source/iverilog-install/bin/vvp
:ivl_version "12.0 (devel)" "(s20150603-1539-g2693dd32b)";
:ivl_delay_selection "TYPICAL";
:vpi_time_precision - 12;
:vpi_module "C:\iverilog\lib\ivl\system.vpi";
:vpi_module "C:\iverilog\lib\ivl\vhdl_sys.vpi";
:vpi_module "C:\iverilog\lib\ivl\vhdl_textio.vpi";
:vpi_module "C:\iverilog\lib\ivl\v2005_math.vpi";
:vpi_module "C:\iverilog\lib\ivl\va_math.vpi";
S_0000021e70e774b0 .scope module, "tb_decision_tree" "tb_decision_tree" 2 4;
 .timescale -9 -12;
v0000021e70e52f60_0 .var "clk", 0 0;
v0000021e70e841d0_0 .var "ena", 0 0;
v0000021e70e84310_0 .var "rst_n", 0 0;
v0000021e70e848b0_0 .var "ui_in", 7 0;
v0000021e70e849f0_0 .net "uo_out", 7 0, L_0000021e70e84b30;  1 drivers
S_0000021e70dcba70 .scope module, "dut" "tt_um_lixiabo0922_decision_tree" 2 15, 3 8 0, S_0000021e70e774b0;
 .timescale 0 0;
    .port_info 0 /INPUT 8 "ui_in";
    .port_info 1 /OUTPUT 8 "uo_out";
    .port_info 2 /INPUT 8 "uio_in";
    .port_info 3 /OUTPUT 8 "uio_out";
    .port_info 4 /OUTPUT 8 "uio_oe";
    .port_info 5 /INPUT 1 "ena";
    .port_info 6 /INPUT 1 "clk";
    .port_info 7 /INPUT 1 "rst_n";
L_0000021e70ed5868 .functor BUFT 1, C4<0000000>, C4<0>, C4<0>, C4<0>;
v0000021e70e534b0_0 .net/2u *"_ivl_0", 6 0, L_0000021e70ed5868;  1 drivers
v0000021e70e53840_0 .net "clk", 0 0, v0000021e70e52f60_0;  1 drivers
v0000021e70e77640_0 .net "ena", 0 0, v0000021e70e841d0_0;  1 drivers
v0000021e70dca2a0_0 .var "result", 0 0;
v0000021e70dcbc00_0 .net "rst_n", 0 0, v0000021e70e84310_0;  1 drivers
v0000021e70dcbca0_0 .net "ui_in", 7 0, v0000021e70e848b0_0;  1 drivers
L_0000021e70ed5940 .functor BUFT 1, C4<00000000>, C4<0>, C4<0>, C4<0>;
v0000021e70e52ce0_0 .net "uio_in", 7 0, L_0000021e70ed5940;  1 drivers
L_0000021e70ed58f8 .functor BUFT 1, C4<00000000>, C4<0>, C4<0>, C4<0>;
v0000021e70e52d80_0 .net "uio_oe", 7 0, L_0000021e70ed58f8;  1 drivers
L_0000021e70ed58b0 .functor BUFT 1, C4<00000000>, C4<0>, C4<0>, C4<0>;
v0000021e70e52e20_0 .net "uio_out", 7 0, L_0000021e70ed58b0;  1 drivers
v0000021e70e52ec0_0 .net "uo_out", 7 0, L_0000021e70e84b30;  alias, 1 drivers
E_0000021e70e758f0 .event anyedge, v0000021e70dcbca0_0;
L_0000021e70e84b30 .concat [ 1 7 0 0], v0000021e70dca2a0_0, L_0000021e70ed5868;
    .scope S_0000021e70dcba70;
T_0 ;
    %wait E_0000021e70e758f0;
    %load/vec4 v0000021e70dcbca0_0;
    %parti/s 4, 0, 2;
    %cmpi/u 8, 0, 4;
    %flag_or 5, 4; GT is !LE
    %flag_inv 5;
    %jmp/0xz  T_0.0, 5;
    %load/vec4 v0000021e70dcbca0_0;
    %parti/s 4, 4, 4;
    %cmpi/u 5, 0, 4;
    %jmp/0xz  T_0.2, 5;
    %pushi/vec4 1, 0, 1;
    %store/vec4 v0000021e70dca2a0_0, 0, 1;
    %jmp T_0.3;
T_0.2 ;
    %pushi/vec4 0, 0, 1;
    %store/vec4 v0000021e70dca2a0_0, 0, 1;
T_0.3 ;
    %jmp T_0.1;
T_0.0 ;
    %load/vec4 v0000021e70dcbca0_0;
    %parti/s 4, 4, 4;
    %cmpi/u 10, 0, 4;
    %flag_or 5, 4; GT is !LE
    %flag_inv 5;
    %jmp/0xz  T_0.4, 5;
    %pushi/vec4 1, 0, 1;
    %store/vec4 v0000021e70dca2a0_0, 0, 1;
    %jmp T_0.5;
T_0.4 ;
    %pushi/vec4 0, 0, 1;
    %store/vec4 v0000021e70dca2a0_0, 0, 1;
T_0.5 ;
T_0.1 ;
    %jmp T_0;
    .thread T_0, $push;
    .scope S_0000021e70e774b0;
T_1 ;
    %delay 50000, 0;
    %load/vec4 v0000021e70e52f60_0;
    %inv;
    %store/vec4 v0000021e70e52f60_0, 0, 1;
    %jmp T_1;
    .thread T_1;
    .scope S_0000021e70e774b0;
T_2 ;
    %vpi_call 2 31 "$dumpfile", "tb_decision_tree.vcd" {0 0 0};
    %vpi_call 2 32 "$dumpvars", 32'sb00000000000000000000000000000000, S_0000021e70e774b0 {0 0 0};
    %pushi/vec4 0, 0, 1;
    %store/vec4 v0000021e70e52f60_0, 0, 1;
    %pushi/vec4 0, 0, 1;
    %store/vec4 v0000021e70e84310_0, 0, 1;
    %pushi/vec4 1, 0, 1;
    %store/vec4 v0000021e70e841d0_0, 0, 1;
    %pushi/vec4 0, 0, 8;
    %store/vec4 v0000021e70e848b0_0, 0, 8;
    %delay 100000, 0;
    %pushi/vec4 1, 0, 1;
    %store/vec4 v0000021e70e84310_0, 0, 1;
    %pushi/vec4 92, 0, 8;
    %store/vec4 v0000021e70e848b0_0, 0, 8;
    %delay 100000, 0;
    %vpi_call 2 47 "$display", "TC1: In=%h, Out=%b (Expected: 1)", v0000021e70e848b0_0, &PV<v0000021e70e849f0_0, 0, 1> {0 0 0};
    %pushi/vec4 85, 0, 8;
    %store/vec4 v0000021e70e848b0_0, 0, 8;
    %delay 100000, 0;
    %vpi_call 2 52 "$display", "TC2: In=%h, Out=%b (Expected: 0)", v0000021e70e848b0_0, &PV<v0000021e70e849f0_0, 0, 1> {0 0 0};
    %pushi/vec4 172, 0, 8;
    %store/vec4 v0000021e70e848b0_0, 0, 8;
    %delay 100000, 0;
    %vpi_call 2 57 "$display", "TC3: In=%h, Out=%b (Expected: 0)", v0000021e70e848b0_0, &PV<v0000021e70e849f0_0, 0, 1> {0 0 0};
    %delay 100000, 0;
    %vpi_call 2 60 "$display", "all test done!" {0 0 0};
    %vpi_call 2 61 "$finish" {0 0 0};
    %end;
    .thread T_2;
# The file index is used to find the file name in the following table.
:file_names 4;
    "N/A";
    "<interactive>";
    "test/tb_decision_tree.v";
    "src/project.v";
